Using pre-set license
Built from '2020.2/release' branch; Version is '2020.2.2f1 (068178b99f32) revision 426360'; Using compiler version '192528614'; Build Type 'Release'
OS: 'Windows 10 Home; OS build 19042.804; Version 2009; 64bit' Language: 'en' Physical Memory: 16242 MB
BatchMode: 1, IsHumanControllingUs: 0, StartBugReporterOnCrash: 0, Is64bit: 1, IsPro: 0

 COMMAND LINE ARGUMENTS:
C:\Program Files\Unity\Hub\Editor\2020.2.2f1\Editor\Unity.exe
-adb2
-batchMode
-noUpm
-name
AssetImportWorker0
-projectPath
C:/Users/Joebo/Documents/GitHub/Rocket-Eagle/rocket_eagle
-logFile
Logs/AssetImportWorker0.log
-srvPort
57629
Successfully changed project path to: C:/Users/Joebo/Documents/GitHub/Rocket-Eagle/rocket_eagle
C:/Users/Joebo/Documents/GitHub/Rocket-Eagle/rocket_eagle
Using Asset Import Pipeline V2.
Refreshing native plugins compatible for Editor in 48.63 ms, found 0 plugins.
Preloading 0 native plugins for Editor in 0.00 ms.
Initialize engine version: 2020.2.2f1 (068178b99f32)
[Subsystems] Discovering subsystems at path C:/Program Files/Unity/Hub/Editor/2020.2.2f1/Editor/Data/Resources/UnitySubsystems
[Subsystems] Discovering subsystems at path C:/Users/Joebo/Documents/GitHub/Rocket-Eagle/rocket_eagle/Assets
GfxDevice: creating device client; threaded=0
Direct3D:
    Version:  Direct3D 11.0 [level 11.1]
    Renderer: NVIDIA GeForce GTX 1070 with Max-Q Design (ID=0x1ba1)
    Vendor:   
    VRAM:     8082 MB
    Driver:   27.21.14.6140
Initialize mono
Mono path[0] = 'C:/Program Files/Unity/Hub/Editor/2020.2.2f1/Editor/Data/Managed'
Mono path[1] = 'C:/Program Files/Unity/Hub/Editor/2020.2.2f1/Editor/Data/MonoBleedingEdge/lib/mono/unityjit'
Mono config path = 'C:/Program Files/Unity/Hub/Editor/2020.2.2f1/Editor/Data/MonoBleedingEdge/etc'
Using monoOptions --debugger-agent=transport=dt_socket,embedding=1,server=y,suspend=n,address=127.0.0.1:56108
Begin MonoManager ReloadAssembly
Registering precompiled unity dll's ...
Register platform support module: C:/Program Files/Unity/Hub/Editor/2020.2.2f1/Editor/Data/PlaybackEngines/WindowsStandaloneSupport/UnityEditor.WindowsStandalone.Extensions.dll
Registered in 0.002855 seconds.
Native extension for WindowsStandalone target not found
Refreshing native plugins compatible for Editor in 44.85 ms, found 0 plugins.
Preloading 0 native plugins for Editor in 0.00 ms.
Invoked RoslynAnalysisRunner static constructor.
RoslynAnalysisRunner will not be running.
RoslynAnalysisRunner has terminated.
Mono: successfully reloaded assembly
- Completed reload, in  2.273 seconds
Platform modules already initialized, skipping
Registering precompiled user dll's ...
Registered in 0.002302 seconds.
Begin MonoManager ReloadAssembly
Native extension for WindowsStandalone target not found
Refreshing native plugins compatible for Editor in 0.56 ms, found 0 plugins.
Preloading 0 native plugins for Editor in 0.00 ms.
Invoked RoslynAnalysisRunner static constructor.
RoslynAnalysisRunner will not be running.
RoslynAnalysisRunner has terminated.
Mono: successfully reloaded assembly
- Completed reload, in  1.084 seconds
Platform modules already initialized, skipping
========================================================================
Worker process is ready to serve import requests
Launched and connected shader compiler UnityShaderCompiler.exe after 0.06 seconds
Refreshing native plugins compatible for Editor in 1.43 ms, found 0 plugins.
Preloading 0 native plugins for Editor in 0.00 ms.
Unloading 1378 Unused Serialized files (Serialized files now loaded: 0)
System memory in use before: 63.8 MB.
System memory in use after: 63.9 MB.

Unloading 33 unused Assets to reduce memory usage. Loaded Objects now: 1806.
Total: 3.218600 ms (FindLiveObjects: 0.199300 ms CreateObjectMapping: 0.078700 ms MarkObjects: 2.674300 ms  DeleteObjects: 0.264300 ms)

========================================================================
Received Import Request.
  path: Assets/Art/Layers/Selection Pixels.png
  artifactKey: Guid(c2aed93175cf64073959f4394892d8ac) Importer(815301076,1909f56bfc062723c751e8b465ee728b)
Start importing Assets/Art/Layers/Selection Pixels.png using Guid(c2aed93175cf64073959f4394892d8ac) Importer(815301076,1909f56bfc062723c751e8b465ee728b)  -> (artifact id: 'eee27acf48b4f1ec0dbbfaebc00c049e') in 0.145720 seconds
  Import took 0.149301 seconds .

========================================================================
Received Import Request.
  Time since last request: 0.000474 seconds.
  path: Assets/Art/Layers/ROCKET ....png
  artifactKey: Guid(e6989ca515278bb4fab3275fc0311aad) Importer(815301076,1909f56bfc062723c751e8b465ee728b)
Start importing Assets/Art/Layers/ROCKET ....png using Guid(e6989ca515278bb4fab3275fc0311aad) Importer(815301076,1909f56bfc062723c751e8b465ee728b)  -> (artifact id: 'b85db6aa6a34daa2dc4a3302790d52ed') in 0.063126 seconds
  Import took 0.066934 seconds .

========================================================================
Received Import Request.
  Time since last request: 0.000313 seconds.
  path: Assets/Art/Layers/RocketEagleBG.png
  artifactKey: Guid(8364c5338b28dc74c8b8797fedd2ef3b) Importer(815301076,1909f56bfc062723c751e8b465ee728b)
Start importing Assets/Art/Layers/RocketEagleBG.png using Guid(8364c5338b28dc74c8b8797fedd2ef3b) Importer(815301076,1909f56bfc062723c751e8b465ee728b)  -> (artifact id: '3d007960c3c64e279b8a50abfda73f77') in 0.057488 seconds
  Import took 0.061719 seconds .

========================================================================
Received Import Request.
  Time since last request: 0.000348 seconds.
  path: Assets/Art/Layers/SelectionBox.png
  artifactKey: Guid(caccaad436fd8b441b538a7b656a9f22) Importer(815301076,1909f56bfc062723c751e8b465ee728b)
Start importing Assets/Art/Layers/SelectionBox.png using Guid(caccaad436fd8b441b538a7b656a9f22) Importer(815301076,1909f56bfc062723c751e8b465ee728b)  -> (artifact id: '2970bae1c4e1f351fba1d045174a4008') in 0.054927 seconds
  Import took 0.057927 seconds .

========================================================================
Received Import Request.
  Time since last request: 0.000495 seconds.
  path: Assets/Art/Layers/Selection Box.png
  artifactKey: Guid(268c91f086896472381cb0fb4add5ba2) Importer(815301076,1909f56bfc062723c751e8b465ee728b)
Start importing Assets/Art/Layers/Selection Box.png using Guid(268c91f086896472381cb0fb4add5ba2) Importer(815301076,1909f56bfc062723c751e8b465ee728b)  -> (artifact id: '3b90679714bb62f1acfd69b59b7d9a31') in 0.022450 seconds
  Import took 0.026129 seconds .

========================================================================
Received Import Request.
  Time since last request: 9.515165 seconds.
  path: Assets/Art/Menus.psd
  artifactKey: Guid(ea1ee8a87ce404a8e8a2e7e1d2514680) Importer(815301076,1909f56bfc062723c751e8b465ee728b)
Start importing Assets/Art/Menus.psd using Guid(ea1ee8a87ce404a8e8a2e7e1d2514680) Importer(815301076,1909f56bfc062723c751e8b465ee728b)  -> (artifact id: '59566daca9d14bc06c0ceb5c633076a1') in 0.043341 seconds
  Import took 0.046234 seconds .

========================================================================
Received Import Request.
  Time since last request: 0.002921 seconds.
  path: Assets/Art/Menus.psd
  artifactKey: Guid(ea1ee8a87ce404a8e8a2e7e1d2514680) Importer(815301076,1909f56bfc062723c751e8b465ee728b)
Start importing Assets/Art/Menus.psd using Guid(ea1ee8a87ce404a8e8a2e7e1d2514680) Importer(815301076,1909f56bfc062723c751e8b465ee728b)  -> (artifact id: '59566daca9d14bc06c0ceb5c633076a1') in 0.039063 seconds
  Import took 0.042888 seconds .

========================================================================
Received Prepare
Refreshing native plugins compatible for Editor in 7.16 ms, found 0 plugins.
Preloading 0 native plugins for Editor in 0.00 ms.
Unloading 22 Unused Serialized files (Serialized files now loaded: 0)
System memory in use before: 40.2 MB.
System memory in use after: 40.3 MB.

Unloading 22 unused Assets to reduce memory usage. Loaded Objects now: 1818.
Total: 2.318500 ms (FindLiveObjects: 0.145900 ms CreateObjectMapping: 0.045400 ms MarkObjects: 2.110500 ms  DeleteObjects: 0.015200 ms)

========================================================================
Received Prepare
Registering precompiled user dll's ...
Registered in 0.002217 seconds.
Begin MonoManager ReloadAssembly
Native extension for WindowsStandalone target not found
Refreshing native plugins compatible for Editor in 0.34 ms, found 0 plugins.
Preloading 0 native plugins for Editor in 0.00 ms.
Invoked RoslynAnalysisRunner static constructor.
RoslynAnalysisRunner will not be running.
RoslynAnalysisRunner has terminated.
Mono: successfully reloaded assembly
- Completed reload, in  0.742 seconds
Platform modules already initialized, skipping
Switching build target platform(5) subTarget(0) extendedPlatform(0) -> platform(13) subTarget(589824) extendedPlatform(0)
Refreshing native plugins compatible for Editor in 0.36 ms, found 0 plugins.
Preloading 0 native plugins for Editor in 0.00 ms.
Unloading 1375 Unused Serialized files (Serialized files now loaded: 0)
System memory in use before: 66.9 MB.
System memory in use after: 67.0 MB.

Unloading 24 unused Assets to reduce memory usage. Loaded Objects now: 1820.
Total: 2.031900 ms (FindLiveObjects: 0.155100 ms CreateObjectMapping: 0.071700 ms MarkObjects: 1.764700 ms  DeleteObjects: 0.039300 ms)

AssetImportParameters requested are different than current active one (requested -> active):
  custom:graphics/normal-map-encoding: 01000000000000000000000000000000 -> 02000000000000000000000000000000
========================================================================
Received Import Request.
  Time since last request: 114.350407 seconds.
  path: Assets/Art
  artifactKey: Guid(60d0c0af2227c4d6386c1b5b293a0c1c) Importer(815301076,1909f56bfc062723c751e8b465ee728b)
Start importing Assets/Art using Guid(60d0c0af2227c4d6386c1b5b293a0c1c) Importer(815301076,1909f56bfc062723c751e8b465ee728b)  -> (artifact id: '761695fbad7e0513a033419beaa3058c') in 0.007630 seconds
  Import took 0.009805 seconds .

========================================================================
Received Import Request.
  Time since last request: 0.003932 seconds.
  path: Assets/Art
  artifactKey: Guid(60d0c0af2227c4d6386c1b5b293a0c1c) Importer(815301076,1909f56bfc062723c751e8b465ee728b)
Start importing Assets/Art using Guid(60d0c0af2227c4d6386c1b5b293a0c1c) Importer(815301076,1909f56bfc062723c751e8b465ee728b)  -> (artifact id: '761695fbad7e0513a033419beaa3058c') in 0.002430 seconds
  Import took 0.004861 seconds .

========================================================================
Received Prepare
Registering precompiled user dll's ...
Registered in 0.002190 seconds.
Begin MonoManager ReloadAssembly
Native extension for WindowsStandalone target not found
Refreshing native plugins compatible for Editor in 0.35 ms, found 0 plugins.
Preloading 0 native plugins for Editor in 0.00 ms.
Invoked RoslynAnalysisRunner static constructor.
RoslynAnalysisRunner will not be running.
RoslynAnalysisRunner has terminated.
Mono: successfully reloaded assembly
- Completed reload, in  0.732 seconds
Platform modules already initialized, skipping
Switching build target platform(5) subTarget(0) extendedPlatform(0) -> platform(13) subTarget(589824) extendedPlatform(0)
Refreshing native plugins compatible for Editor in 0.35 ms, found 0 plugins.
Preloading 0 native plugins for Editor in 0.00 ms.
Unloading 1375 Unused Serialized files (Serialized files now loaded: 0)
System memory in use before: 67.0 MB.
System memory in use after: 67.1 MB.

Unloading 24 unused Assets to reduce memory usage. Loaded Objects now: 1822.
Total: 1.758100 ms (FindLiveObjects: 0.156200 ms CreateObjectMapping: 0.043000 ms MarkObjects: 1.542200 ms  DeleteObjects: 0.016000 ms)

AssetImportParameters requested are different than current active one (requested -> active):
  custom:graphics/normal-map-encoding: 01000000000000000000000000000000 -> 02000000000000000000000000000000
========================================================================
Received Import Request.
  Time since last request: 9.161173 seconds.
  path: Assets/Art/Menu
  artifactKey: Guid(84bc0e798d6ad734c9c32ca111fbfa60) Importer(815301076,1909f56bfc062723c751e8b465ee728b)
Start importing Assets/Art/Menu using Guid(84bc0e798d6ad734c9c32ca111fbfa60) Importer(815301076,1909f56bfc062723c751e8b465ee728b)  -> (artifact id: 'c30a1b53c3efd6662afcc9c3e05e204d') in 0.007720 seconds
  Import took 0.009796 seconds .

========================================================================
Received Import Request.
  Time since last request: 1.732907 seconds.
  path: Assets/Art/Layers
  artifactKey: Guid(9f3db60f66ef9462d8d4a45961d31255) Importer(815301076,1909f56bfc062723c751e8b465ee728b)
Start importing Assets/Art/Layers using Guid(9f3db60f66ef9462d8d4a45961d31255) Importer(815301076,1909f56bfc062723c751e8b465ee728b)  -> (artifact id: '43bc87b411b9d944d61e0a9e1f671ef9') in 0.007639 seconds
  Import took 0.009982 seconds .

========================================================================
Received Import Request.
  Time since last request: 32.785211 seconds.
  path: Assets/Fonts/yoster.ttf
  artifactKey: Guid(a5795a24380bac2418b4e4e5dc970d4b) Importer(815301076,1909f56bfc062723c751e8b465ee728b)
Start importing Assets/Fonts/yoster.ttf using Guid(a5795a24380bac2418b4e4e5dc970d4b) Importer(815301076,1909f56bfc062723c751e8b465ee728b)  -> (artifact id: 'cf352127f31c9d077eab2a365b44879b') in 0.071105 seconds
  Import took 0.073600 seconds .

========================================================================
Received Import Request.
  Time since last request: 0.942153 seconds.
  path: Assets/Prefabs/MenuButton.prefab
  artifactKey: Guid(3c614e9cd35bf468b8d2f1689cc4cca8) Importer(815301076,1909f56bfc062723c751e8b465ee728b)
Start importing Assets/Prefabs/MenuButton.prefab using Guid(3c614e9cd35bf468b8d2f1689cc4cca8) Importer(815301076,1909f56bfc062723c751e8b465ee728b)  -> (artifact id: '2e2eec71620a2c794098768db53f988a') in 0.021430 seconds
  Import took 0.024381 seconds .

========================================================================
Received Prepare
Registering precompiled user dll's ...
Registered in 0.002896 seconds.
Begin MonoManager ReloadAssembly
Native extension for WindowsStandalone target not found
Refreshing native plugins compatible for Editor in 0.35 ms, found 0 plugins.
Preloading 0 native plugins for Editor in 0.00 ms.
Invoked RoslynAnalysisRunner static constructor.
RoslynAnalysisRunner will not be running.
RoslynAnalysisRunner has terminated.
Mono: successfully reloaded assembly
- Completed reload, in  0.765 seconds
Platform modules already initialized, skipping
Switching build target platform(5) subTarget(0) extendedPlatform(0) -> platform(13) subTarget(589824) extendedPlatform(0)
Refreshing native plugins compatible for Editor in 0.35 ms, found 0 plugins.
Preloading 0 native plugins for Editor in 0.00 ms.
Unloading 1375 Unused Serialized files (Serialized files now loaded: 0)
System memory in use before: 67.5 MB.
System memory in use after: 67.6 MB.

Unloading 24 unused Assets to reduce memory usage. Loaded Objects now: 1866.
Total: 1.849400 ms (FindLiveObjects: 0.179400 ms CreateObjectMapping: 0.058300 ms MarkObjects: 1.587000 ms  DeleteObjects: 0.023600 ms)

AssetImportParameters requested are different than current active one (requested -> active):
  custom:graphics/normal-map-encoding: 01000000000000000000000000000000 -> 02000000000000000000000000000000
========================================================================
Received Import Request.
  Time since last request: 126.845997 seconds.
  path: Assets/Scripts/MenuButton.cs
  artifactKey: Guid(a0cab851de1814bf186b265818a3836d) Importer(815301076,1909f56bfc062723c751e8b465ee728b)
Start importing Assets/Scripts/MenuButton.cs using Guid(a0cab851de1814bf186b265818a3836d) Importer(815301076,1909f56bfc062723c751e8b465ee728b)  -> (artifact id: '95c56e412b58100bfcd80a3ae135d62c') in 0.006276 seconds
  Import took 0.008448 seconds .

========================================================================
Received Prepare
Registering precompiled user dll's ...
Registered in 0.002170 seconds.
Begin MonoManager ReloadAssembly
Native extension for WindowsStandalone target not found
Refreshing native plugins compatible for Editor in 0.35 ms, found 0 plugins.
Preloading 0 native plugins for Editor in 0.00 ms.
Invoked RoslynAnalysisRunner static constructor.
RoslynAnalysisRunner will not be running.
RoslynAnalysisRunner has terminated.
Mono: successfully reloaded assembly
- Completed reload, in  0.753 seconds
Platform modules already initialized, skipping
Switching build target platform(5) subTarget(0) extendedPlatform(0) -> platform(13) subTarget(589824) extendedPlatform(0)
Refreshing native plugins compatible for Editor in 0.36 ms, found 0 plugins.
Preloading 0 native plugins for Editor in 0.00 ms.
Unloading 1375 Unused Serialized files (Serialized files now loaded: 0)
System memory in use before: 67.6 MB.
System memory in use after: 67.7 MB.

Unloading 24 unused Assets to reduce memory usage. Loaded Objects now: 1868.
Total: 1.959100 ms (FindLiveObjects: 0.197200 ms CreateObjectMapping: 0.042400 ms MarkObjects: 1.696400 ms  DeleteObjects: 0.021900 ms)

AssetImportParameters requested are different than current active one (requested -> active):
  custom:graphics/normal-map-encoding: 01000000000000000000000000000000 -> 02000000000000000000000000000000
========================================================================
Received Import Request.
  Time since last request: 78.992315 seconds.
  path: Assets/Art/Menu/Layers/Selection Box.png
  artifactKey: Guid(268c91f086896472381cb0fb4add5ba2) Importer(815301076,1909f56bfc062723c751e8b465ee728b)
Start importing Assets/Art/Menu/Layers/Selection Box.png using Guid(268c91f086896472381cb0fb4add5ba2) Importer(815301076,1909f56bfc062723c751e8b465ee728b)  -> (artifact id: '85ca67f16baee27464a44416514a7bdd') in 0.049099 seconds
  Import took 0.051631 seconds .

========================================================================
Received Import Request.
  Time since last request: 0.000225 seconds.
  path: Assets/Art/Menu/Layers/Selection Pixels.png
  artifactKey: Guid(c2aed93175cf64073959f4394892d8ac) Importer(815301076,1909f56bfc062723c751e8b465ee728b)
Start importing Assets/Art/Menu/Layers/Selection Pixels.png using Guid(c2aed93175cf64073959f4394892d8ac) Importer(815301076,1909f56bfc062723c751e8b465ee728b)  -> (artifact id: '206cfd3508952ede2dbb83f1ec72ae8c') in 0.016278 seconds
  Import took 0.018386 seconds .

========================================================================
Received Import Request.
  Time since last request: 0.000280 seconds.
  path: Assets/Art/Menu/Layers/Selection Box.png
  artifactKey: Guid(268c91f086896472381cb0fb4add5ba2) Importer(815301076,1909f56bfc062723c751e8b465ee728b)
Start importing Assets/Art/Menu/Layers/Selection Box.png using Guid(268c91f086896472381cb0fb4add5ba2) Importer(815301076,1909f56bfc062723c751e8b465ee728b)  -> (artifact id: '85ca67f16baee27464a44416514a7bdd') in 0.012327 seconds
  Import took 0.014988 seconds .

========================================================================
Received Import Request.
  Time since last request: 0.002099 seconds.
  path: Assets/Art/Menu/Layers/Selection Pixels.png
  artifactKey: Guid(c2aed93175cf64073959f4394892d8ac) Importer(815301076,1909f56bfc062723c751e8b465ee728b)
Start importing Assets/Art/Menu/Layers/Selection Pixels.png using Guid(c2aed93175cf64073959f4394892d8ac) Importer(815301076,1909f56bfc062723c751e8b465ee728b)  -> (artifact id: '206cfd3508952ede2dbb83f1ec72ae8c') in 0.012296 seconds
  Import took 0.015079 seconds .

========================================================================
Received Prepare
Registering precompiled user dll's ...
Registered in 0.001935 seconds.
Begin MonoManager ReloadAssembly
Native extension for WindowsStandalone target not found
Refreshing native plugins compatible for Editor in 0.36 ms, found 0 plugins.
Preloading 0 native plugins for Editor in 0.00 ms.
Invoked RoslynAnalysisRunner static constructor.
RoslynAnalysisRunner will not be running.
RoslynAnalysisRunner has terminated.
Mono: successfully reloaded assembly
- Completed reload, in  0.752 seconds
Platform modules already initialized, skipping
Switching build target platform(5) subTarget(0) extendedPlatform(0) -> platform(13) subTarget(589824) extendedPlatform(0)
Refreshing native plugins compatible for Editor in 0.36 ms, found 0 plugins.
Preloading 0 native plugins for Editor in 0.00 ms.
Unloading 1375 Unused Serialized files (Serialized files now loaded: 0)
System memory in use before: 67.6 MB.
System memory in use after: 67.7 MB.

Unloading 24 unused Assets to reduce memory usage. Loaded Objects now: 1871.
Total: 2.329700 ms (FindLiveObjects: 0.414400 ms CreateObjectMapping: 0.047600 ms MarkObjects: 1.827700 ms  DeleteObjects: 0.026200 ms)

AssetImportParameters requested are different than current active one (requested -> active):
  custom:graphics/normal-map-encoding: 01000000000000000000000000000000 -> 02000000000000000000000000000000
AssetImportWorkerClient::OnTransportError - code=2 error=End of file
